nohup: ignorando entrada
[0] OK - APARECIDA MARIA DE SOUZA | RUA DESEMBARGADOR REIS ALVES, 90, BAIRRO DAS INDUSTRIAS I, BELO HORIZONTE, MG, BRASIL → -19.9589334, -44.0017603
[1] OK - PIZZARIA E CHURRASCARIA VARANDA | RUA LUIZ PONGELUPE, 290, CARDOSO, BELO HORIZONTE, MG, BRASIL → -20.0062900, -44.0100157
[2] OK - RABBIT BURGER | AVENIDA RESSACA, 118, PADRE EUSTAQUIO, BELO HORIZONTE, MG, BRASIL → -19.9177866, -43.9876481
[3] OK - TATU REI DO ANGU A  BAHIANA | RUA DESEMBARGADOR RIBEIRO DA LUZ, 135, BARREIRO, BELO HORIZONTE, MG, BRASIL → -19.9732823, -44.0141195
[4] OK - ESPACO DA FEIJOADA | AVENIDA CRISTIANO MACHADO, 1950, CIDADE NOVA, BELO HORIZONTE, MG, BRASIL → -19.8903695, -43.9282191
[5] OK - AECIO CARLOS MIGUEL LEMOS 99648725691 | RUA LUZIA SALOMAO, 50, MANTIQUEIRA, BELO HORIZONTE, MG, BRASIL → -19.8027128, -43.9798377
[6] OK - CHURRASCARIA BAHIAS BAR LTDA | RUA BRAULIO GOMES NOGUEIRA, 1200, ITAIPU, BELO HORIZONTE, MG, BRASIL → -19.9945782, -44.0464278
[7] OK - RESTAURANTE NOVO SABOR | RUA DOS OTONI, 222, SANTA EFIGENIA, BELO HORIZONTE, MG, BRASIL → -19.9264845, -43.9245162
[8] OK - BAR DO MELO LTDA | RUA DOS TUPINAMBAS, 1100, CENTRO, BELO HORIZONTE, MG, BRASIL → -19.9164141, -43.9443398
[9] ERRO - DU DAY RESTAURANTE, LANCHONETE E DISTRIBUIDORA DE BEBIDAS LTDA / ESTABELECIMENTO SEM NOME | AVENIDA SOLFERINA RICCI PACE, 1301, CONJUNTO JATOBA, BELO HORIZONTE, MG, BRASIL → Coordenadas não encontradas
[10] ERRO - RESTAURANTE E PIZZARIA VALORES DE MINAS / RESTAURANTE E PIZZARIA VALORES DE MINAS | RUA FURQUIM WERNECK, 619, TUPI A, BELO HORIZONTE, MG, BRASIL → Coordenadas não encontradas
[11] OK - SHIRLEY FRAGUAS MESQUITA 85413178620 | RUA SALINAS, 1547, SANTA TEREZA, BELO HORIZONTE, MG, BRASIL → -19.9148029, -43.9230373
[12] OK - JOEL MARTINS 03590726660 | RUA OLINTO MAGALHAES, 710, PADRE EUSTAQUIO, BELO HORIZONTE, MG, BRASIL → -19.9135199, -43.9854158
[13] ERRO - DIVINA DA CONSOLACAO SILVA 70054436672 / ESTABELECIMENTO SEM NOME | ALA DAS FLORES, 8, VILA SUMARE, BELO HORIZONTE, MG, BRASIL → Coordenadas não encontradas
[14] OK - FERNANDO CARLOS ROSA 39953084653 | RUA JOSE FELIX MARTINS, 560, MANTIQUEIRA, BELO HORIZONTE, MG, BRASIL → -19.7995836, -43.9839528
[15] OK - PIZZAIOLO SAO GERALDO II | RUA MANGARATIBA, 390, SAO GERALDO, BELO HORIZONTE, MG, BRASIL → -19.9016216, -43.9014570
[16] OK - RESTAURANTE BAO TAMEM LTDA | AVENIDA OIAPOQUE, 156, CENTRO, BELO HORIZONTE, MG, BRASIL → -19.9131077, -43.9393344
[17] OK - XICO DO CHURRASCO SAVASSI | RUA SERGIPE, 1360, SAVASSI, BELO HORIZONTE, MG, BRASIL → -19.9382457, -43.9384554
[18] OK - SELMO PEREIRA COIMBRA 95585494600 | RUA DONA MARIA SENHORA, 853, DIAMANTE, BELO HORIZONTE, MG, BRASIL → -19.9983722, -44.0223800
[19] OK - CANTINA DO CHURRASCO | RUA CARLOS TORREZANI, 285, LETICIA, BELO HORIZONTE, MG, BRASIL → -19.8094611, -43.9804162
[20] OK - TOSCANINI CAFE | AVENIDA RAJA GABAGLIA, 2664, ESTORIL, BELO HORIZONTE, MG, BRASIL → -19.9581626, -43.9570934
[21] OK - EMANUELLA LARISSA VALADARES LIPARIZI 07264033694 | RUA DOUTOR JOAO MIRANDA, 188, DONA CLARA, BELO HORIZONTE, MG, BRASIL → -19.8612876, -43.9362088
[22] OK - MAURILO JOSE DUTRA FILHO 00490044689 | RUA CATALUNHA, 443, SANTA TEREZINHA, BELO HORIZONTE, MG, BRASIL → -19.8725355, -44.0098436
[23] OK - VANESSA FERREIRA DE PAULA 06002963693 | AVENIDA OIAPOQUE, 221, CENTRO, BELO HORIZONTE, MG, BRASIL → -19.9134062, -43.9402868
[24] OK - TITIA ZITA | RUA JOSE CLETO, 901, SANTA CRUZ, BELO HORIZONTE, MG, BRASIL → -19.8765417, -43.9315160
[25] OK - ADENILSON JOSE APARECIDO VIEIRA 04589142660 | RUA ALABASTRO, 345, SAGRADA FAMILIA, BELO HORIZONTE, MG, BRASIL → -19.9113359, -43.9208918
